build/app/intermediates/manifest_merge_blame_file/debug/processDebugMainManifest/manifest-merger-blame-debug-report.txt
1<?xml version="1.0" encoding="utf-8"?>
2<manifest xmlns:android="http://schemas.android.com/apk/res/android"
3    package="com.example.rsapp"
4    android:versionCode="1"
5    android:versionName="1.0.0" >
6
7    <uses-sdk
8        android:minSdkVersion="21"
9        android:targetSdkVersion="35" />
10    <!--
11         The INTERNET permission is required for development. Specifically,
12         the Flutter tool needs it to communicate with the running application
13         to allow setting breakpoints, to provide hot reload, etc.
14    -->
15    <uses-permission android:name="android.permission.INTERNET" />
15-->src/main/AndroidManifest.xml:5:5-67
15-->src/main/AndroidManifest.xml:5:22-64
16    <uses-permission android:name="android.permission.ACCESS_NETWORK_STATE" /> <!-- Storage permissions -->
16-->src/main/AndroidManifest.xml:6:5-79
16-->src/main/AndroidManifest.xml:6:22-76
17    <uses-permission android:name="android.permission.READ_EXTERNAL_STORAGE" />
17-->src/main/AndroidManifest.xml:9:5-80
17-->src/main/AndroidManifest.xml:9:22-77
18    <uses-permission
18-->src/main/AndroidManifest.xml:10:5-11:51
19        android:name="android.permission.WRITE_EXTERNAL_STORAGE"
19-->src/main/AndroidManifest.xml:10:22-78
20        android:maxSdkVersion="32" /> <!-- For Android 13+ -->
20-->src/main/AndroidManifest.xml:11:22-48
21    <uses-permission android:name="android.permission.READ_MEDIA_IMAGES" /> <!-- Location permissions -->
21-->src/main/AndroidManifest.xml:13:5-76
21-->src/main/AndroidManifest.xml:13:22-73
22    <uses-permission android:name="android.permission.ACCESS_FINE_LOCATION" />
22-->src/main/AndroidManifest.xml:16:5-79
22-->src/main/AndroidManifest.xml:16:22-76
23    <uses-permission android:name="android.permission.ACCESS_COARSE_LOCATION" />
23-->src/main/AndroidManifest.xml:17:5-81
23-->src/main/AndroidManifest.xml:17:22-78
24    <!--
25 Required to query activities that can process text, see:
26         https://developer.android.com/training/package-visibility and
27         https://developer.android.com/reference/android/content/Intent#ACTION_PROCESS_TEXT.
28
29         In particular, this is used by the Flutter engine in io.flutter.plugin.text.ProcessTextPlugin.
30    -->
31    <queries>
31-->src/main/AndroidManifest.xml:57:5-62:15
32        <intent>
32-->src/main/AndroidManifest.xml:58:9-61:18
33            <action android:name="android.intent.action.PROCESS_TEXT" />
33-->src/main/AndroidManifest.xml:59:13-72
33-->src/main/AndroidManifest.xml:59:21-70
34
35            <data android:mimeType="text/plain" />
35-->src/main/AndroidManifest.xml:60:13-50
35-->src/main/AndroidManifest.xml:60:19-48
36        </intent>
37    </queries>
38
39    <uses-permission android:name="android.permission.WAKE_LOCK" /> <!-- Permissions options for the `notification` group -->
39-->[:firebase_messaging] AndroidManifest.xml:8:5-68
39-->[:firebase_messaging] AndroidManifest.xml:8:22-65
40    <uses-permission android:name="android.permission.POST_NOTIFICATIONS" />
40-->[:firebase_messaging] AndroidManifest.xml:11:5-77
40-->[:firebase_messaging] AndroidManifest.xml:11:22-74
41    <uses-permission android:name="android.permission.VIBRATE" /> <!-- Required by older versions of Google Play services to create IID tokens -->
41-->[:flutter_local_notifications] AndroidManifest.xml:7:5-66
41-->[:flutter_local_notifications] AndroidManifest.xml:7:22-63
42    <uses-permission android:name="com.google.android.c2dm.permission.RECEIVE" />
42-->[com.google.firebase:firebase-iid:21.1.0] AndroidManifest.xml:26:5-82
42-->[com.google.firebase:firebase-iid:21.1.0] AndroidManifest.xml:26:22-79
43    <uses-permission android:name="com.google.android.providers.gsf.permission.READ_GSERVICES" />
43-->[com.google.android.recaptcha:recaptcha:18.4.0] AndroidManifest.xml:9:5-98
43-->[com.google.android.recaptcha:recaptcha:18.4.0] AndroidManifest.xml:9:22-95
44
45    <permission
45-->[androidx.core:core:1.13.1] AndroidManifest.xml:22:5-24:47
46        android:name="com.example.rsapp.DYNAMIC_RECEIVER_NOT_EXPORTED_PERMISSION"
46-->[androidx.core:core:1.13.1] AndroidManifest.xml:23:9-81
47        android:protectionLevel="signature" />
47-->[androidx.core:core:1.13.1] AndroidManifest.xml:24:9-44
48
49    <uses-permission android:name="com.example.rsapp.DYNAMIC_RECEIVER_NOT_EXPORTED_PERMISSION" />
49-->[androidx.core:core:1.13.1] AndroidManifest.xml:26:5-97
49-->[androidx.core:core:1.13.1] AndroidManifest.xml:26:22-94
50
51    <application
52        android:name="android.app.Application"
53        android:appComponentFactory="androidx.core.app.CoreComponentFactory"
53-->[androidx.core:core:1.13.1] AndroidManifest.xml:28:18-86
54        android:debuggable="true"
55        android:enableOnBackInvokedCallback="true"
56        android:extractNativeLibs="true"
57        android:icon="@mipmap/ic_launcher"
58        android:label="rsapp" >
59        <activity
60            android:name="com.example.rsapp.MainActivity"
61            android:configChanges="orientation|keyboardHidden|keyboard|screenSize|smallestScreenSize|locale|layoutDirection|fontScale|screenLayout|density|uiMode"
62            android:exported="true"
63            android:hardwareAccelerated="true"
64            android:launchMode="singleTop"
65            android:taskAffinity=""
66            android:theme="@style/LaunchTheme"
67            android:windowSoftInputMode="adjustResize" >
68
69            <!--
70                 Specifies an Android theme to apply to this Activity as soon as
71                 the Android process has started. This theme is visible to the user
72                 while the Flutter UI initializes. After that, this theme continues
73                 to determine the Window background behind the Flutter UI.
74            -->
75            <meta-data
76                android:name="io.flutter.embedding.android.NormalTheme"
77                android:resource="@style/NormalTheme" />
78
79            <intent-filter>
80                <action android:name="android.intent.action.MAIN" />
81
82                <category android:name="android.intent.category.LAUNCHER" />
83            </intent-filter>
84        </activity>
85        <!--
86             Don't delete the meta-data below.
87             This is used by the Flutter tool to generate GeneratedPluginRegistrant.java
88        -->
89        <meta-data
90            android:name="flutterEmbedding"
91            android:value="2" />
92
93        <service
93-->[:geolocator_android] AndroidManifest.xml:8:9-12:56
94            android:name="com.baseflow.geolocator.GeolocatorLocationService"
94-->[:geolocator_android] AndroidManifest.xml:9:13-77
95            android:enabled="true"
95-->[:geolocator_android] AndroidManifest.xml:10:13-35
96            android:exported="false"
96-->[:geolocator_android] AndroidManifest.xml:11:13-37
97            android:foregroundServiceType="location" />
97-->[:geolocator_android] AndroidManifest.xml:12:13-53
98        <service
98-->[:cloud_firestore] AndroidManifest.xml:8:9-12:19
99            android:name="com.google.firebase.components.ComponentDiscoveryService"
99-->[:cloud_firestore] AndroidManifest.xml:8:18-89
100            android:directBootAware="true"
100-->[com.google.firebase:firebase-common:20.4.3] AndroidManifest.xml:32:13-43
101            android:exported="false" >
101-->[com.google.firebase:firebase-functions:20.4.0] AndroidManifest.xml:14:13-37
102            <meta-data
102-->[:cloud_firestore] AndroidManifest.xml:9:13-11:85
103                android:name="com.google.firebase.components:io.flutter.plugins.firebase.firestore.FlutterFirebaseFirestoreRegistrar"
103-->[:cloud_firestore] AndroidManifest.xml:10:17-134
104                android:value="com.google.firebase.components.ComponentRegistrar" />
104-->[:cloud_firestore] AndroidManifest.xml:11:17-82
105            <meta-data
105-->[:cloud_functions] AndroidManifest.xml:9:13-11:85
106                android:name="com.google.firebase.components:io.flutter.plugins.firebase.functions.FlutterFirebaseAppRegistrar"
106-->[:cloud_functions] AndroidManifest.xml:10:17-128
107                android:value="com.google.firebase.components.ComponentRegistrar" />
107-->[:cloud_functions] AndroidManifest.xml:11:17-82
108            <meta-data
108-->[:firebase_app_check] AndroidManifest.xml:9:13-11:85
109                android:name="com.google.firebase.components:io.flutter.plugins.firebase.appcheck.FlutterFirebaseAppRegistrar"
109-->[:firebase_app_check] AndroidManifest.xml:10:17-127
110                android:value="com.google.firebase.components.ComponentRegistrar" />
110-->[:firebase_app_check] AndroidManifest.xml:11:17-82
111            <meta-data
111-->[:firebase_auth] AndroidManifest.xml:9:13-11:85
112                android:name="com.google.firebase.components:io.flutter.plugins.firebase.auth.FlutterFirebaseAuthRegistrar"
112-->[:firebase_auth] AndroidManifest.xml:10:17-124
113                android:value="com.google.firebase.components.ComponentRegistrar" />
113-->[:firebase_auth] AndroidManifest.xml:11:17-82
114            <meta-data
114-->[:firebase_messaging] AndroidManifest.xml:36:13-38:85
115                android:name="com.google.firebase.components:io.flutter.plugins.firebase.messaging.FlutterFirebaseAppRegistrar"
115-->[:firebase_messaging] AndroidManifest.xml:37:17-128
116                android:value="com.google.firebase.components.ComponentRegistrar" />
116-->[:firebase_messaging] AndroidManifest.xml:38:17-82
117            <meta-data
117-->[:firebase_storage] AndroidManifest.xml:9:13-11:85
118                android:name="com.google.firebase.components:io.flutter.plugins.firebase.storage.FlutterFirebaseAppRegistrar"
118-->[:firebase_storage] AndroidManifest.xml:10:17-126
119                android:value="com.google.firebase.components.ComponentRegistrar" />
119-->[:firebase_storage] AndroidManifest.xml:11:17-82
120            <meta-data
120-->[:firebase_core] AndroidManifest.xml:9:13-11:85
121                android:name="com.google.firebase.components:io.flutter.plugins.firebase.core.FlutterFirebaseCoreRegistrar"
121-->[:firebase_core] AndroidManifest.xml:10:17-124
122                android:value="com.google.firebase.components.ComponentRegistrar" />
122-->[:firebase_core] AndroidManifest.xml:11:17-82
123            <meta-data
123-->[com.google.firebase:firebase-functions:20.4.0] AndroidManifest.xml:15:13-17:85
124                android:name="com.google.firebase.components:com.google.firebase.functions.FirebaseFunctionsKtxRegistrar"
124-->[com.google.firebase:firebase-functions:20.4.0] AndroidManifest.xml:16:17-122
125                android:value="com.google.firebase.components.ComponentRegistrar" />
125-->[com.google.firebase:firebase-functions:20.4.0] AndroidManifest.xml:17:17-82
126            <meta-data
126-->[com.google.firebase:firebase-functions:20.4.0] AndroidManifest.xml:18:13-20:85
127                android:name="com.google.firebase.components:com.google.firebase.functions.FunctionsRegistrar"
127-->[com.google.firebase:firebase-functions:20.4.0] AndroidManifest.xml:19:17-111
128                android:value="com.google.firebase.components.ComponentRegistrar" />
128-->[com.google.firebase:firebase-functions:20.4.0] AndroidManifest.xml:20:17-82
129            <meta-data
129-->[com.google.firebase:firebase-iid:21.1.0] AndroidManifest.xml:32:13-34:85
130                android:name="com.google.firebase.components:com.google.firebase.iid.Registrar"
130-->[com.google.firebase:firebase-iid:21.1.0] AndroidManifest.xml:33:17-96
131                android:value="com.google.firebase.components.ComponentRegistrar" />
131-->[com.google.firebase:firebase-iid:21.1.0] AndroidManifest.xml:34:17-82
132            <meta-data
132-->[com.google.firebase:firebase-auth:22.3.1] AndroidManifest.xml:69:13-71:85
133                android:name="com.google.firebase.components:com.google.firebase.auth.FirebaseAuthRegistrar"
133-->[com.google.firebase:firebase-auth:22.3.1] AndroidManifest.xml:70:17-109
134                android:value="com.google.firebase.components.ComponentRegistrar" />
134-->[com.google.firebase:firebase-auth:22.3.1] AndroidManifest.xml:71:17-82
135            <meta-data
135-->[com.google.firebase:firebase-appcheck-safetynet:16.1.2] AndroidManifest.xml:27:13-29:85
136                android:name="com.google.firebase.components:com.google.firebase.appcheck.safetynet.FirebaseAppCheckSafetyNetRegistrar"
136-->[com.google.firebase:firebase-appcheck-safetynet:16.1.2] AndroidManifest.xml:28:17-136
137                android:value="com.google.firebase.components.ComponentRegistrar" />
137-->[com.google.firebase:firebase-appcheck-safetynet:16.1.2] AndroidManifest.xml:29:17-82
138            <meta-data
138-->[com.google.firebase:firebase-appcheck-debug:17.1.2] AndroidManifest.xml:25:13-27:85
139                android:name="com.google.firebase.components:com.google.firebase.appcheck.debug.FirebaseAppCheckDebugRegistrar"
139-->[com.google.firebase:firebase-appcheck-debug:17.1.2] AndroidManifest.xml:26:17-128
140                android:value="com.google.firebase.components.ComponentRegistrar" />
140-->[com.google.firebase:firebase-appcheck-debug:17.1.2] AndroidManifest.xml:27:17-82
141            <meta-data
141-->[com.google.firebase:firebase-firestore:24.11.0] AndroidManifest.xml:17:13-19:85
142                android:name="com.google.firebase.components:com.google.firebase.firestore.FirebaseFirestoreKtxRegistrar"
142-->[com.google.firebase:firebase-firestore:24.11.0] AndroidManifest.xml:18:17-122
143                android:value="com.google.firebase.components.ComponentRegistrar" />
143-->[com.google.firebase:firebase-firestore:24.11.0] AndroidManifest.xml:19:17-82
144            <meta-data
144-->[com.google.firebase:firebase-firestore:24.11.0] AndroidManifest.xml:20:13-22:85
145                android:name="com.google.firebase.components:com.google.firebase.firestore.FirestoreRegistrar"
145-->[com.google.firebase:firebase-firestore:24.11.0] AndroidManifest.xml:21:17-111
146                android:value="com.google.firebase.components.ComponentRegistrar" />
146-->[com.google.firebase:firebase-firestore:24.11.0] AndroidManifest.xml:22:17-82
147            <meta-data
147-->[com.google.firebase:firebase-appcheck-playintegrity:17.1.2] AndroidManifest.xml:25:13-27:85
148                android:name="com.google.firebase.components:com.google.firebase.appcheck.playintegrity.FirebaseAppCheckPlayIntegrityRegistrar"
148-->[com.google.firebase:firebase-appcheck-playintegrity:17.1.2] AndroidManifest.xml:26:17-144
149                android:value="com.google.firebase.components.ComponentRegistrar" />
149-->[com.google.firebase:firebase-appcheck-playintegrity:17.1.2] AndroidManifest.xml:27:17-82
150            <meta-data
150-->[com.google.firebase:firebase-messaging:23.4.1] AndroidManifest.xml:57:13-59:85
151                android:name="com.google.firebase.components:com.google.firebase.messaging.FirebaseMessagingKtxRegistrar"
151-->[com.google.firebase:firebase-messaging:23.4.1] AndroidManifest.xml:58:17-122
152                android:value="com.google.firebase.components.ComponentRegistrar" />
152-->[com.google.firebase:firebase-messaging:23.4.1] AndroidManifest.xml:59:17-82
153            <meta-data
153-->[com.google.firebase:firebase-messaging:23.4.1] AndroidManifest.xml:60:13-62:85
154                android:name="com.google.firebase.components:com.google.firebase.messaging.FirebaseMessagingRegistrar"
154-->[com.google.firebase:firebase-messaging:23.4.1] AndroidManifest.xml:61:17-119
155                android:value="com.google.firebase.components.ComponentRegistrar" />
155-->[com.google.firebase:firebase-messaging:23.4.1] AndroidManifest.xml:62:17-82
156            <meta-data
156-->[com.google.firebase:firebase-storage:20.3.0] AndroidManifest.xml:30:13-32:85
157                android:name="com.google.firebase.components:com.google.firebase.storage.FirebaseStorageKtxRegistrar"
157-->[com.google.firebase:firebase-storage:20.3.0] AndroidManifest.xml:31:17-118
158                android:value="com.google.firebase.components.ComponentRegistrar" />
158-->[com.google.firebase:firebase-storage:20.3.0] AndroidManifest.xml:32:17-82
159            <meta-data
159-->[com.google.firebase:firebase-storage:20.3.0] AndroidManifest.xml:33:13-35:85
160                android:name="com.google.firebase.components:com.google.firebase.storage.StorageRegistrar"
160-->[com.google.firebase:firebase-storage:20.3.0] AndroidManifest.xml:34:17-107
161                android:value="com.google.firebase.components.ComponentRegistrar" />
161-->[com.google.firebase:firebase-storage:20.3.0] AndroidManifest.xml:35:17-82
162            <meta-data
162-->[com.google.firebase:firebase-appcheck:17.1.2] AndroidManifest.xml:25:13-27:85
163                android:name="com.google.firebase.components:com.google.firebase.appcheck.FirebaseAppCheckKtxRegistrar"
163-->[com.google.firebase:firebase-appcheck:17.1.2] AndroidManifest.xml:26:17-120
164                android:value="com.google.firebase.components.ComponentRegistrar" />
164-->[com.google.firebase:firebase-appcheck:17.1.2] AndroidManifest.xml:27:17-82
165            <meta-data
165-->[com.google.firebase:firebase-appcheck:17.1.2] AndroidManifest.xml:28:13-30:85
166                android:name="com.google.firebase.components:com.google.firebase.appcheck.FirebaseAppCheckRegistrar"
166-->[com.google.firebase:firebase-appcheck:17.1.2] AndroidManifest.xml:29:17-117
167                android:value="com.google.firebase.components.ComponentRegistrar" />
167-->[com.google.firebase:firebase-appcheck:17.1.2] AndroidManifest.xml:30:17-82
168            <meta-data
168-->[com.google.firebase:firebase-installations:17.2.0] AndroidManifest.xml:15:13-17:85
169                android:name="com.google.firebase.components:com.google.firebase.installations.FirebaseInstallationsKtxRegistrar"
169-->[com.google.firebase:firebase-installations:17.2.0] AndroidManifest.xml:16:17-130
170                android:value="com.google.firebase.components.ComponentRegistrar" />
170-->[com.google.firebase:firebase-installations:17.2.0] AndroidManifest.xml:17:17-82
171            <meta-data
171-->[com.google.firebase:firebase-installations:17.2.0] AndroidManifest.xml:18:13-20:85
172                android:name="com.google.firebase.components:com.google.firebase.installations.FirebaseInstallationsRegistrar"
172-->[com.google.firebase:firebase-installations:17.2.0] AndroidManifest.xml:19:17-127
173                android:value="com.google.firebase.components.ComponentRegistrar" />
173-->[com.google.firebase:firebase-installations:17.2.0] AndroidManifest.xml:20:17-82
174            <meta-data
174-->[com.google.firebase:firebase-common-ktx:20.4.3] AndroidManifest.xml:12:13-14:85
175                android:name="com.google.firebase.components:com.google.firebase.ktx.FirebaseCommonLegacyRegistrar"
175-->[com.google.firebase:firebase-common-ktx:20.4.3] AndroidManifest.xml:13:17-116
176                android:value="com.google.firebase.components.ComponentRegistrar" />
176-->[com.google.firebase:firebase-common-ktx:20.4.3] AndroidManifest.xml:14:17-82
177            <meta-data
177-->[com.google.firebase:firebase-common:20.4.3] AndroidManifest.xml:35:13-37:85
178                android:name="com.google.firebase.components:com.google.firebase.FirebaseCommonKtxRegistrar"
178-->[com.google.firebase:firebase-common:20.4.3] AndroidManifest.xml:36:17-109
179                android:value="com.google.firebase.components.ComponentRegistrar" />
179-->[com.google.firebase:firebase-common:20.4.3] AndroidManifest.xml:37:17-82
180            <meta-data
180-->[com.google.firebase:firebase-datatransport:18.1.7] AndroidManifest.xml:27:13-29:85
181                android:name="com.google.firebase.components:com.google.firebase.datatransport.TransportRegistrar"
181-->[com.google.firebase:firebase-datatransport:18.1.7] AndroidManifest.xml:28:17-115
182                android:value="com.google.firebase.components.ComponentRegistrar" />
182-->[com.google.firebase:firebase-datatransport:18.1.7] AndroidManifest.xml:29:17-82
183        </service>
184        <service
184-->[:firebase_messaging] AndroidManifest.xml:14:9-17:72
185            android:name="io.flutter.plugins.firebase.messaging.FlutterFirebaseMessagingBackgroundService"
185-->[:firebase_messaging] AndroidManifest.xml:15:13-107
186            android:exported="false"
186-->[:firebase_messaging] AndroidManifest.xml:16:13-37
187            android:permission="android.permission.BIND_JOB_SERVICE" />
187-->[:firebase_messaging] AndroidManifest.xml:17:13-69
188        <service
188-->[:firebase_messaging] AndroidManifest.xml:18:9-24:19
189            android:name="io.flutter.plugins.firebase.messaging.FlutterFirebaseMessagingService"
189-->[:firebase_messaging] AndroidManifest.xml:19:13-97
190            android:exported="false" >
190-->[:firebase_messaging] AndroidManifest.xml:20:13-37
191            <intent-filter>
191-->[:firebase_messaging] AndroidManifest.xml:21:13-23:29
192                <action android:name="com.google.firebase.MESSAGING_EVENT" />
192-->[:firebase_messaging] AndroidManifest.xml:22:17-78
192-->[:firebase_messaging] AndroidManifest.xml:22:25-75
193            </intent-filter>
194        </service>
195
196        <receiver
196-->[:firebase_messaging] AndroidManifest.xml:26:9-33:20
197            android:name="io.flutter.plugins.firebase.messaging.FlutterFirebaseMessagingReceiver"
197-->[:firebase_messaging] AndroidManifest.xml:27:13-98
198            android:exported="true"
198-->[:firebase_messaging] AndroidManifest.xml:28:13-36
199            android:permission="com.google.android.c2dm.permission.SEND" >
199-->[:firebase_messaging] AndroidManifest.xml:29:13-73
200            <intent-filter>
200-->[:firebase_messaging] AndroidManifest.xml:30:13-32:29
201                <action android:name="com.google.android.c2dm.intent.RECEIVE" />
201-->[:firebase_messaging] AndroidManifest.xml:31:17-81
201-->[:firebase_messaging] AndroidManifest.xml:31:25-78
202            </intent-filter>
203        </receiver>
204
205        <provider
205-->[:firebase_messaging] AndroidManifest.xml:41:9-45:38
206            android:name="io.flutter.plugins.firebase.messaging.FlutterFirebaseMessagingInitProvider"
206-->[:firebase_messaging] AndroidManifest.xml:42:13-102
207            android:authorities="com.example.rsapp.flutterfirebasemessaginginitprovider"
207-->[:firebase_messaging] AndroidManifest.xml:43:13-88
208            android:exported="false"
208-->[:firebase_messaging] AndroidManifest.xml:44:13-37
209            android:initOrder="99" />
209-->[:firebase_messaging] AndroidManifest.xml:45:13-35
210        <provider
210-->[:image_picker_android] AndroidManifest.xml:9:9-17:20
211            android:name="io.flutter.plugins.imagepicker.ImagePickerFileProvider"
211-->[:image_picker_android] AndroidManifest.xml:10:13-82
212            android:authorities="com.example.rsapp.flutter.image_provider"
212-->[:image_picker_android] AndroidManifest.xml:11:13-74
213            android:exported="false"
213-->[:image_picker_android] AndroidManifest.xml:12:13-37
214            android:grantUriPermissions="true" >
214-->[:image_picker_android] AndroidManifest.xml:13:13-47
215            <meta-data
215-->[:image_picker_android] AndroidManifest.xml:14:13-16:75
216                android:name="android.support.FILE_PROVIDER_PATHS"
216-->[:image_picker_android] AndroidManifest.xml:15:17-67
217                android:resource="@xml/flutter_image_picker_file_paths" />
217-->[:image_picker_android] AndroidManifest.xml:16:17-72
218        </provider> <!-- Trigger Google Play services to install the backported photo picker module. -->
219        <service
219-->[:image_picker_android] AndroidManifest.xml:19:9-31:19
220            android:name="com.google.android.gms.metadata.ModuleDependencies"
220-->[:image_picker_android] AndroidManifest.xml:20:13-78
221            android:enabled="false"
221-->[:image_picker_android] AndroidManifest.xml:21:13-36
222            android:exported="false" >
222-->[:image_picker_android] AndroidManifest.xml:22:13-37
223            <intent-filter>
223-->[:image_picker_android] AndroidManifest.xml:24:13-26:29
224                <action android:name="com.google.android.gms.metadata.MODULE_DEPENDENCIES" />
224-->[:image_picker_android] AndroidManifest.xml:25:17-94
224-->[:image_picker_android] AndroidManifest.xml:25:25-91
225            </intent-filter>
226
227            <meta-data
227-->[:image_picker_android] AndroidManifest.xml:28:13-30:36
228                android:name="photopicker_activity:0:required"
228-->[:image_picker_android] AndroidManifest.xml:29:17-63
229                android:value="" />
229-->[:image_picker_android] AndroidManifest.xml:30:17-33
230        </service>
231        <!--
232           Declares a provider which allows us to store files to share in
233           '.../caches/share_plus' and grant the receiving action access
234        -->
235        <provider
235-->[:share_plus] AndroidManifest.xml:13:9-21:20
236            android:name="dev.fluttercommunity.plus.share.ShareFileProvider"
236-->[:share_plus] AndroidManifest.xml:14:13-77
237            android:authorities="com.example.rsapp.flutter.share_provider"
237-->[:share_plus] AndroidManifest.xml:15:13-74
238            android:exported="false"
238-->[:share_plus] AndroidManifest.xml:16:13-37
239            android:grantUriPermissions="true" >
239-->[:share_plus] AndroidManifest.xml:17:13-47
240            <meta-data
240-->[:image_picker_android] AndroidManifest.xml:14:13-16:75
241                android:name="android.support.FILE_PROVIDER_PATHS"
241-->[:image_picker_android] AndroidManifest.xml:15:17-67
242                android:resource="@xml/flutter_share_file_paths" />
242-->[:image_picker_android] AndroidManifest.xml:16:17-72
243        </provider>
244        <!--
245           This manifest declared broadcast receiver allows us to use an explicit
246           Intent when creating a PendingItent to be informed of the user's choice
247        -->
248        <receiver
248-->[:share_plus] AndroidManifest.xml:26:9-32:20
249            android:name="dev.fluttercommunity.plus.share.SharePlusPendingIntent"
249-->[:share_plus] AndroidManifest.xml:27:13-82
250            android:exported="false" >
250-->[:share_plus] AndroidManifest.xml:28:13-37
251            <intent-filter>
251-->[:share_plus] AndroidManifest.xml:29:13-31:29
252                <action android:name="EXTRA_CHOSEN_COMPONENT" />
252-->[:share_plus] AndroidManifest.xml:30:17-65
252-->[:share_plus] AndroidManifest.xml:30:25-62
253            </intent-filter>
254        </receiver>
255
256        <activity
256-->[:url_launcher_android] AndroidManifest.xml:8:9-11:74
257            android:name="io.flutter.plugins.urllauncher.WebViewActivity"
257-->[:url_launcher_android] AndroidManifest.xml:9:13-74
258            android:exported="false"
258-->[:url_launcher_android] AndroidManifest.xml:10:13-37
259            android:theme="@android:style/Theme.NoTitleBar.Fullscreen" />
259-->[:url_launcher_android] AndroidManifest.xml:11:13-71
260        <activity
260-->[com.google.android.gms:play-services-auth:21.0.0] AndroidManifest.xml:23:9-27:75
261            android:name="com.google.android.gms.auth.api.signin.internal.SignInHubActivity"
261-->[com.google.android.gms:play-services-auth:21.0.0] AndroidManifest.xml:24:13-93
262            android:excludeFromRecents="true"
262-->[com.google.android.gms:play-services-auth:21.0.0] AndroidManifest.xml:25:13-46
263            android:exported="false"
263-->[com.google.android.gms:play-services-auth:21.0.0] AndroidManifest.xml:26:13-37
264            android:theme="@android:style/Theme.Translucent.NoTitleBar" />
264-->[com.google.android.gms:play-services-auth:21.0.0] AndroidManifest.xml:27:13-72
265        <!--
266            Service handling Google Sign-In user revocation. For apps that do not integrate with
267            Google Sign-In, this service will never be started.
268        -->
269        <service
269-->[com.google.android.gms:play-services-auth:21.0.0] AndroidManifest.xml:33:9-37:51
270            android:name="com.google.android.gms.auth.api.signin.RevocationBoundService"
270-->[com.google.android.gms:play-services-auth:21.0.0] AndroidManifest.xml:34:13-89
271            android:exported="true"
271-->[com.google.android.gms:play-services-auth:21.0.0] AndroidManifest.xml:35:13-36
272            android:permission="com.google.android.gms.auth.api.signin.permission.REVOCATION_NOTIFICATION"
272-->[com.google.android.gms:play-services-auth:21.0.0] AndroidManifest.xml:36:13-107
273            android:visibleToInstantApps="true" />
273-->[com.google.android.gms:play-services-auth:21.0.0] AndroidManifest.xml:37:13-48
274
275        <activity
275-->[com.google.firebase:firebase-auth:22.3.1] AndroidManifest.xml:29:9-46:20
276            android:name="com.google.firebase.auth.internal.GenericIdpActivity"
276-->[com.google.firebase:firebase-auth:22.3.1] AndroidManifest.xml:30:13-80
277            android:excludeFromRecents="true"
277-->[com.google.firebase:firebase-auth:22.3.1] AndroidManifest.xml:31:13-46
278            android:exported="true"
278-->[com.google.firebase:firebase-auth:22.3.1] AndroidManifest.xml:32:13-36
279            android:launchMode="singleTask"
279-->[com.google.firebase:firebase-auth:22.3.1] AndroidManifest.xml:33:13-44
280            android:theme="@android:style/Theme.Translucent.NoTitleBar" >
280-->[com.google.firebase:firebase-auth:22.3.1] AndroidManifest.xml:34:13-72
281            <intent-filter>
281-->[com.google.firebase:firebase-auth:22.3.1] AndroidManifest.xml:35:13-45:29
282                <action android:name="android.intent.action.VIEW" />
282-->[com.google.firebase:firebase-auth:22.3.1] AndroidManifest.xml:36:17-69
282-->[com.google.firebase:firebase-auth:22.3.1] AndroidManifest.xml:36:25-66
283